<?xml version="1.0" encoding="UTF-8"?>
<!-- Generated by org.testng.reporters.JUnitReportReporter -->
<testsuite hostname="DESKTOP-GKP5KUT" failures="0" tests="1" name="restAssuredBasics.CreatBooking" time="6.451" errors="0" timestamp="2024-07-28T17:20:08 IST" skipped="0">
  <testcase classname="restAssuredBasics.CreatBooking" name="createBookingID" time="6.451"/>
  <system-out/>
</testsuite> <!-- restAssuredBasics.CreatBooking -->
