<?xml version="1.0" encoding="UTF-8"?>
<!-- Generated by org.testng.reporters.JUnitReportReporter -->
<testsuite hostname="DESKTOP-GKP5KUT" failures="0" tests="3" name="restAssuredBasics.CreateUpdateDeleteBookingWithDifferentTest" time="3.636" errors="0" timestamp="2024-08-02T06:37:03 IST" skipped="0">
  <testcase classname="restAssuredBasics.CreateUpdateDeleteBookingWithDifferentTest" name="createBooking" time="1.244"/>
  <system-out/>
  <testcase classname="restAssuredBasics.CreateUpdateDeleteBookingWithDifferentTest" name="updateBooking" time="1.218"/>
  <system-out/>
  <testcase classname="restAssuredBasics.CreateUpdateDeleteBookingWithDifferentTest" name="deleteBooking" time="1.174"/>
  <system-out/>
</testsuite> <!-- restAssuredBasics.CreateUpdateDeleteBookingWithDifferentTest -->
