<?xml version="1.0" encoding="UTF-8"?>
<!-- Generated by org.testng.reporters.JUnitReportReporter -->
<testsuite hostname="DESKTOP-GKP5KUT" failures="0" tests="8" name="restAssuredBasics.GitHubSampleAPI2" time="4.640" errors="0" timestamp="2024-08-08T22:46:28 IST" skipped="7">
  <testcase classname="restAssuredBasics.GitHubSampleAPI2" name="getInfromation" time="4.640"/>
  <system-out/>
  <testcase classname="restAssuredBasics.GitHubSampleAPI2" name="smokeCheck">
    <skipped/>
  </testcase> <!-- smokeCheck -->
  <system-out/>
  <testcase classname="restAssuredBasics.GitHubSampleAPI2" name="createRepo">
    <skipped/>
  </testcase> <!-- createRepo -->
  <system-out/>
  <testcase classname="restAssuredBasics.GitHubSampleAPI2" name="updateRepo">
    <skipped/>
  </testcase> <!-- updateRepo -->
  <system-out/>
  <testcase classname="restAssuredBasics.GitHubSampleAPI2" name="createRepo2">
    <skipped/>
  </testcase> <!-- createRepo2 -->
  <system-out/>
  <testcase classname="restAssuredBasics.GitHubSampleAPI2" name="deleteRepo3">
    <skipped/>
  </testcase> <!-- deleteRepo3 -->
  <system-out/>
  <testcase classname="restAssuredBasics.GitHubSampleAPI2" name="deleteRepo2">
    <skipped/>
  </testcase> <!-- deleteRepo2 -->
  <system-out/>
  <testcase classname="restAssuredBasics.GitHubSampleAPI2" name="deleteRepo">
    <skipped/>
  </testcase> <!-- deleteRepo -->
  <system-out/>
</testsuite> <!-- restAssuredBasics.GitHubSampleAPI2 -->
