<?xml version="1.0" encoding="UTF-8"?>
<!-- Generated by org.testng.reporters.JUnitReportReporter -->
<testsuite hostname="DESKTOP-GKP5KUT" failures="0" tests="1" name="restAssuredBasics.CreateUpdateDeleteBooking" time="9.290" errors="0" timestamp="2024-08-01T21:01:22 IST" skipped="0">
  <testcase classname="restAssuredBasics.CreateUpdateDeleteBooking" name="updateBookingID" time="9.290"/>
  <system-out/>
</testsuite> <!-- restAssuredBasics.CreateUpdateDeleteBooking -->
