<?xml version="1.0" encoding="UTF-8"?>
<!-- Generated by org.testng.reporters.JUnitReportReporter -->
<testsuite hostname="DESKTOP-GKP5KUT" failures="0" tests="1" name="restAssuredBasics.GetBookingID" time="5.974" errors="0" timestamp="2024-07-28T17:37:09 IST" skipped="0">
  <testcase classname="restAssuredBasics.GetBookingID" name="getBookingID" time="5.974"/>
  <system-out/>
</testsuite> <!-- restAssuredBasics.GetBookingID -->
