<?xml version="1.0" encoding="UTF-8"?>
<!-- Generated by org.testng.reporters.JUnitReportReporter -->
<testsuite hostname="DESKTOP-GKP5KUT" failures="0" tests="1" name="restAssuredBasics.UpdateBookingID" time="7.675" errors="0" timestamp="2024-07-28T17:50:22 IST" skipped="0">
  <testcase classname="restAssuredBasics.UpdateBookingID" name="getBookingID" time="7.675"/>
  <system-out/>
</testsuite> <!-- restAssuredBasics.UpdateBookingID -->
