<?xml version="1.0" encoding="UTF-8"?>
<!-- Generated by org.testng.reporters.JUnitReportReporter -->
<testsuite hostname="DESKTOP-GKP5KUT" failures="0" tests="8" name="restAssuredBasics.GitHubCRUDStringPayloadusingCreatePayload" time="9.263" errors="0" timestamp="2024-08-10T12:27:25 IST" skipped="6">
  <testcase classname="restAssuredBasics.GitHubCRUDStringPayloadusingCreatePayload" name="getInfromation" time="2.128"/>
  <system-out/>
  <testcase classname="restAssuredBasics.GitHubCRUDStringPayloadusingCreatePayload" name="createRepo" time="7.135"/>
  <system-out/>
  <testcase classname="restAssuredBasics.GitHubCRUDStringPayloadusingCreatePayload" name="deleteRepo2">
    <skipped/>
  </testcase> <!-- deleteRepo2 -->
  <system-out/>
  <testcase classname="restAssuredBasics.GitHubCRUDStringPayloadusingCreatePayload" name="smokeCheck">
    <skipped/>
  </testcase> <!-- smokeCheck -->
  <system-out/>
  <testcase classname="restAssuredBasics.GitHubCRUDStringPayloadusingCreatePayload" name="deleteRepo">
    <skipped/>
  </testcase> <!-- deleteRepo -->
  <system-out/>
  <testcase classname="restAssuredBasics.GitHubCRUDStringPayloadusingCreatePayload" name="updateRepo">
    <skipped/>
  </testcase> <!-- updateRepo -->
  <system-out/>
  <testcase classname="restAssuredBasics.GitHubCRUDStringPayloadusingCreatePayload" name="createRepo2">
    <skipped/>
  </testcase> <!-- createRepo2 -->
  <system-out/>
  <testcase classname="restAssuredBasics.GitHubCRUDStringPayloadusingCreatePayload" name="deleteRepo3">
    <skipped/>
  </testcase> <!-- deleteRepo3 -->
  <system-out/>
</testsuite> <!-- restAssuredBasics.GitHubCRUDStringPayloadusingCreatePayload -->
