<?xml version="1.0" encoding="UTF-8"?>
<!-- Generated by org.testng.reporters.JUnitReportReporter -->
<testsuite hostname="DESKTOP-GKP5KUT" failures="0" tests="1" name="restAssuredBasics.GetInformation" time="5.069" errors="0" timestamp="2024-07-27T13:41:29 IST" skipped="0">
  <testcase classname="restAssuredBasics.GetInformation" name="getInfo" time="5.069"/>
  <system-out/>
</testsuite> <!-- restAssuredBasics.GetInformation -->
