<?xml version="1.0" encoding="UTF-8"?>
<!-- Generated by org.testng.reporters.JUnitReportReporter -->
<testsuite hostname="DESKTOP-GKP5KUT" failures="0" tests="8" name="restAssuredBasics.GitHubCRUD_byFileUpload" time="4.919" errors="0" timestamp="2024-08-09T21:27:51 IST" skipped="7">
  <testcase classname="restAssuredBasics.GitHubCRUD_byFileUpload" name="createRepo2" time="4.919"/>
  <system-out/>
  <testcase classname="restAssuredBasics.GitHubCRUD_byFileUpload" name="getInfromation">
    <skipped/>
  </testcase> <!-- getInfromation -->
  <system-out/>
  <testcase classname="restAssuredBasics.GitHubCRUD_byFileUpload" name="deleteRepo2">
    <skipped/>
  </testcase> <!-- deleteRepo2 -->
  <system-out/>
  <testcase classname="restAssuredBasics.GitHubCRUD_byFileUpload" name="deleteRepo">
    <skipped/>
  </testcase> <!-- deleteRepo -->
  <system-out/>
  <testcase classname="restAssuredBasics.GitHubCRUD_byFileUpload" name="smokeCheck">
    <skipped/>
  </testcase> <!-- smokeCheck -->
  <system-out/>
  <testcase classname="restAssuredBasics.GitHubCRUD_byFileUpload" name="updateRepo">
    <skipped/>
  </testcase> <!-- updateRepo -->
  <system-out/>
  <testcase classname="restAssuredBasics.GitHubCRUD_byFileUpload" name="createRepo">
    <skipped/>
  </testcase> <!-- createRepo -->
  <system-out/>
  <testcase classname="restAssuredBasics.GitHubCRUD_byFileUpload" name="deleteRepo3">
    <skipped/>
  </testcase> <!-- deleteRepo3 -->
  <system-out/>
</testsuite> <!-- restAssuredBasics.GitHubCRUD_byFileUpload -->
