<?xml version="1.0" encoding="UTF-8"?>
<!-- Generated by org.testng.reporters.JUnitReportReporter -->
<testsuite hostname="DESKTOP-GKP5KUT" failures="0" tests="9" name="restAssuredBasics.GitHubCRUDUsingFileUpload" time="5.579" errors="0" timestamp="2024-08-10T17:00:50 IST" skipped="8">
  <testcase classname="restAssuredBasics.GitHubCRUDUsingFileUpload" name="updateRepo" time="5.579"/>
  <system-out/>
  <testcase classname="restAssuredBasics.GitHubCRUDUsingFileUpload" name="createRepo2">
    <skipped/>
  </testcase> <!-- createRepo2 -->
  <system-out/>
  <testcase classname="restAssuredBasics.GitHubCRUDUsingFileUpload" name="updateRepo2">
    <skipped/>
  </testcase> <!-- updateRepo2 -->
  <system-out/>
  <testcase classname="restAssuredBasics.GitHubCRUDUsingFileUpload" name="createRepo">
    <skipped/>
  </testcase> <!-- createRepo -->
  <system-out/>
  <testcase classname="restAssuredBasics.GitHubCRUDUsingFileUpload" name="deleteRepo3">
    <skipped/>
  </testcase> <!-- deleteRepo3 -->
  <system-out/>
  <testcase classname="restAssuredBasics.GitHubCRUDUsingFileUpload" name="smokeCheck">
    <skipped/>
  </testcase> <!-- smokeCheck -->
  <system-out/>
  <testcase classname="restAssuredBasics.GitHubCRUDUsingFileUpload" name="deleteRepo">
    <skipped/>
  </testcase> <!-- deleteRepo -->
  <system-out/>
  <testcase classname="restAssuredBasics.GitHubCRUDUsingFileUpload" name="deleteRepo2">
    <skipped/>
  </testcase> <!-- deleteRepo2 -->
  <system-out/>
  <testcase classname="restAssuredBasics.GitHubCRUDUsingFileUpload" name="getInfromation">
    <skipped/>
  </testcase> <!-- getInfromation -->
  <system-out/>
</testsuite> <!-- restAssuredBasics.GitHubCRUDUsingFileUpload -->
